{"/Users/kevinfamianggara/Desktop/Hacktiv8/Phase 2/iproject/ip-hck64-kevinfanggara22/server/app.js": {"path":"/Users/kevinfamianggara/Desktop/Hacktiv8/Phase 2/iproject/ip-hck64-kevinfanggara22/server/app.js","statementMap":{"0":{"start":{"line":1,"column":0},"end":{"line":3,"column":1}},"1":{"start":{"line":2,"column":2},"end":{"line":2,"column":29}},"2":{"start":{"line":5,"column":16},"end":{"line":5,"column":34}},"3":{"start":{"line":6,"column":23},"end":{"line":6,"column":62}},"4":{"start":{"line":7,"column":25},"end":{"line":7,"column":66}},"5":{"start":{"line":8,"column":24},"end":{"line":8,"column":64}},"6":{"start":{"line":9,"column":26},"end":{"line":9,"column":68}},"7":{"start":{"line":10,"column":23},"end":{"line":10,"column":62}},"8":{"start":{"line":11,"column":21},"end":{"line":11,"column":58}},"9":{"start":{"line":12,"column":31},"end":{"line":12,"column":69}},"10":{"start":{"line":13,"column":15},"end":{"line":13,"column":32}},"11":{"start":{"line":14,"column":16},"end":{"line":14,"column":38}},"12":{"start":{"line":15,"column":15},"end":{"line":15,"column":34}},"13":{"start":{"line":16,"column":13},"end":{"line":16,"column":28}},"14":{"start":{"line":18,"column":12},"end":{"line":18,"column":21}},"15":{"start":{"line":20,"column":0},"end":{"line":20,"column":16}},"16":{"start":{"line":23,"column":0},"end":{"line":23,"column":24}},"17":{"start":{"line":24,"column":0},"end":{"line":24,"column":49}},"18":{"start":{"line":27,"column":0},"end":{"line":27,"column":51}},"19":{"start":{"line":30,"column":0},"end":{"line":30,"column":58}},"20":{"start":{"line":33,"column":0},"end":{"line":33,"column":41}},"21":{"start":{"line":36,"column":0},"end":{"line":36,"column":47}},"22":{"start":{"line":39,"column":0},"end":{"line":39,"column":56}},"23":{"start":{"line":42,"column":0},"end":{"line":42,"column":24}},"24":{"start":{"line":45,"column":0},"end":{"line":45,"column":72}},"25":{"start":{"line":48,"column":0},"end":{"line":48,"column":50}},"26":{"start":{"line":51,"column":0},"end":{"line":51,"column":76}},"27":{"start":{"line":54,"column":0},"end":{"line":59,"column":2}},"28":{"start":{"line":62,"column":0},"end":{"line":67,"column":2}},"29":{"start":{"line":70,"column":0},"end":{"line":74,"column":2}},"30":{"start":{"line":77,"column":0},"end":{"line":77,"column":22}},"31":{"start":{"line":79,"column":0},"end":{"line":79,"column":21}}},"fnMap":{},"branchMap":{"0":{"loc":{"start":{"line":1,"column":0},"end":{"line":3,"column":1}},"type":"if","locations":[{"start":{"line":1,"column":0},"end":{"line":3,"column":1}},{"start":{},"end":{}}],"line":1}},"s":{"0":3,"1":3,"2":3,"3":3,"4":3,"5":3,"6":3,"7":3,"8":3,"9":3,"10":3,"11":3,"12":3,"13":3,"14":3,"15":3,"16":3,"17":3,"18":3,"19":3,"20":3,"21":3,"22":3,"23":3,"24":3,"25":3,"26":3,"27":3,"28":3,"29":3,"30":3,"31":3},"f":{},"b":{"0":[3,0]},"_coverageSchema":"1a1c01bbd47fc00a2c39e90264f33305004495a9","hash":"8e0360fb2bea73fd8545d8f5f66555de441be514"}
,"/Users/kevinfamianggara/Desktop/Hacktiv8/Phase 2/iproject/ip-hck64-kevinfanggara22/server/controllers/AdminController.js": {"path":"/Users/kevinfamianggara/Desktop/Hacktiv8/Phase 2/iproject/ip-hck64-kevinfanggara22/server/controllers/AdminController.js","statementMap":{"0":{"start":{"line":1,"column":20},"end":{"line":1,"column":46}},"1":{"start":{"line":2,"column":19},"end":{"line":2,"column":43}},"2":{"start":{"line":3,"column":20},"end":{"line":3,"column":48}},"3":{"start":{"line":5,"column":0},"end":{"line":9,"column":3}},"4":{"start":{"line":13,"column":4},"end":{"line":19,"column":5}},"5":{"start":{"line":14,"column":19},"end":{"line":14,"column":42}},"6":{"start":{"line":15,"column":6},"end":{"line":15,"column":33}},"7":{"start":{"line":17,"column":6},"end":{"line":17,"column":25}},"8":{"start":{"line":18,"column":6},"end":{"line":18,"column":18}},"9":{"start":{"line":23,"column":4},"end":{"line":40,"column":5}},"10":{"start":{"line":24,"column":21},"end":{"line":24,"column":31}},"11":{"start":{"line":25,"column":19},"end":{"line":27,"column":8}},"12":{"start":{"line":28,"column":6},"end":{"line":36,"column":7}},"13":{"start":{"line":29,"column":8},"end":{"line":29,"column":39}},"14":{"start":{"line":31,"column":8},"end":{"line":34,"column":11}},"15":{"start":{"line":35,"column":8},"end":{"line":35,"column":35}},"16":{"start":{"line":38,"column":6},"end":{"line":38,"column":25}},"17":{"start":{"line":39,"column":6},"end":{"line":39,"column":18}},"18":{"start":{"line":44,"column":4},"end":{"line":59,"column":5}},"19":{"start":{"line":45,"column":50},"end":{"line":45,"column":58}},"20":{"start":{"line":46,"column":23},"end":{"line":46,"column":50}},"21":{"start":{"line":47,"column":19},"end":{"line":53,"column":8}},"22":{"start":{"line":54,"column":6},"end":{"line":54,"column":24}},"23":{"start":{"line":55,"column":6},"end":{"line":55,"column":33}},"24":{"start":{"line":57,"column":6},"end":{"line":57,"column":25}},"25":{"start":{"line":58,"column":6},"end":{"line":58,"column":18}},"26":{"start":{"line":63,"column":4},"end":{"line":105,"column":5}},"27":{"start":{"line":64,"column":21},"end":{"line":64,"column":31}},"28":{"start":{"line":65,"column":50},"end":{"line":65,"column":58}},"29":{"start":{"line":66,"column":19},"end":{"line":66,"column":45}},"30":{"start":{"line":67,"column":6},"end":{"line":101,"column":7}},"31":{"start":{"line":68,"column":8},"end":{"line":68,"column":39}},"32":{"start":{"line":71,"column":8},"end":{"line":99,"column":9}},"33":{"start":{"line":72,"column":10},"end":{"line":83,"column":12}},"34":{"start":{"line":85,"column":27},"end":{"line":85,"column":54}},"35":{"start":{"line":86,"column":10},"end":{"line":98,"column":12}},"36":{"start":{"line":100,"column":8},"end":{"line":100,"column":42}},"37":{"start":{"line":103,"column":6},"end":{"line":103,"column":25}},"38":{"start":{"line":104,"column":6},"end":{"line":104,"column":18}},"39":{"start":{"line":109,"column":0},"end":{"line":109,"column":33}}},"fnMap":{"0":{"name":"(anonymous_0)","decl":{"start":{"line":12,"column":2},"end":{"line":12,"column":3}},"loc":{"start":{"line":12,"column":43},"end":{"line":20,"column":3}},"line":12},"1":{"name":"(anonymous_1)","decl":{"start":{"line":22,"column":2},"end":{"line":22,"column":3}},"loc":{"start":{"line":22,"column":45},"end":{"line":41,"column":3}},"line":22},"2":{"name":"(anonymous_2)","decl":{"start":{"line":43,"column":2},"end":{"line":43,"column":3}},"loc":{"start":{"line":43,"column":45},"end":{"line":60,"column":3}},"line":43},"3":{"name":"(anonymous_3)","decl":{"start":{"line":62,"column":2},"end":{"line":62,"column":3}},"loc":{"start":{"line":62,"column":45},"end":{"line":106,"column":3}},"line":62}},"branchMap":{"0":{"loc":{"start":{"line":28,"column":6},"end":{"line":36,"column":7}},"type":"if","locations":[{"start":{"line":28,"column":6},"end":{"line":36,"column":7}},{"start":{"line":30,"column":13},"end":{"line":36,"column":7}}],"line":28},"1":{"loc":{"start":{"line":67,"column":6},"end":{"line":101,"column":7}},"type":"if","locations":[{"start":{"line":67,"column":6},"end":{"line":101,"column":7}},{"start":{"line":69,"column":13},"end":{"line":101,"column":7}}],"line":67},"2":{"loc":{"start":{"line":71,"column":8},"end":{"line":99,"column":9}},"type":"if","locations":[{"start":{"line":71,"column":8},"end":{"line":99,"column":9}},{"start":{"line":84,"column":15},"end":{"line":99,"column":9}}],"line":71}},"s":{"0":3,"1":3,"2":3,"3":3,"4":1,"5":1,"6":1,"7":0,"8":0,"9":2,"10":2,"11":2,"12":2,"13":1,"14":1,"15":1,"16":1,"17":1,"18":3,"19":3,"20":3,"21":0,"22":0,"23":0,"24":3,"25":3,"26":4,"27":4,"28":4,"29":4,"30":4,"31":1,"32":3,"33":3,"34":0,"35":0,"36":3,"37":1,"38":1,"39":3},"f":{"0":1,"1":2,"2":3,"3":4},"b":{"0":[1,1],"1":[1,3],"2":[3,0]},"_coverageSchema":"1a1c01bbd47fc00a2c39e90264f33305004495a9","hash":"2bfc4070105d4eadddfe6afe79cde91ce6d48f99"}
,"/Users/kevinfamianggara/Desktop/Hacktiv8/Phase 2/iproject/ip-hck64-kevinfanggara22/server/controllers/AuthController.js": {"path":"/Users/kevinfamianggara/Desktop/Hacktiv8/Phase 2/iproject/ip-hck64-kevinfanggara22/server/controllers/AuthController.js","statementMap":{"0":{"start":{"line":1,"column":17},"end":{"line":1,"column":43}},"1":{"start":{"line":2,"column":28},"end":{"line":2,"column":56}},"2":{"start":{"line":3,"column":24},"end":{"line":3,"column":49}},"3":{"start":{"line":4,"column":15},"end":{"line":4,"column":34}},"4":{"start":{"line":5,"column":25},"end":{"line":5,"column":55}},"5":{"start":{"line":9,"column":4},"end":{"line":19,"column":5}},"6":{"start":{"line":10,"column":6},"end":{"line":10,"column":28}},"7":{"start":{"line":11,"column":40},"end":{"line":11,"column":48}},"8":{"start":{"line":12,"column":19},"end":{"line":12,"column":74}},"9":{"start":{"line":13,"column":6},"end":{"line":15,"column":77}},"10":{"start":{"line":17,"column":6},"end":{"line":17,"column":25}},"11":{"start":{"line":18,"column":6},"end":{"line":18,"column":18}},"12":{"start":{"line":23,"column":4},"end":{"line":55,"column":5}},"13":{"start":{"line":24,"column":34},"end":{"line":24,"column":42}},"14":{"start":{"line":28,"column":6},"end":{"line":30,"column":7}},"15":{"start":{"line":29,"column":8},"end":{"line":29,"column":55}},"16":{"start":{"line":31,"column":6},"end":{"line":33,"column":7}},"17":{"start":{"line":32,"column":8},"end":{"line":32,"column":61}},"18":{"start":{"line":36,"column":19},"end":{"line":36,"column":59}},"19":{"start":{"line":38,"column":6},"end":{"line":40,"column":7}},"20":{"start":{"line":39,"column":8},"end":{"line":39,"column":41}},"21":{"start":{"line":43,"column":23},"end":{"line":43,"column":63}},"22":{"start":{"line":44,"column":6},"end":{"line":46,"column":7}},"23":{"start":{"line":45,"column":8},"end":{"line":45,"column":41}},"24":{"start":{"line":49,"column":27},"end":{"line":49,"column":55}},"25":{"start":{"line":51,"column":6},"end":{"line":51,"column":45}},"26":{"start":{"line":53,"column":6},"end":{"line":53,"column":25}},"27":{"start":{"line":54,"column":6},"end":{"line":54,"column":18}},"28":{"start":{"line":59,"column":4},"end":{"line":98,"column":5}},"29":{"start":{"line":60,"column":30},"end":{"line":60,"column":38}},"30":{"start":{"line":62,"column":21},"end":{"line":62,"column":39}},"31":{"start":{"line":64,"column":21},"end":{"line":67,"column":8}},"32":{"start":{"line":69,"column":29},"end":{"line":69,"column":48}},"33":{"start":{"line":72,"column":17},"end":{"line":74,"column":8}},"34":{"start":{"line":78,"column":6},"end":{"line":89,"column":7}},"35":{"start":{"line":80,"column":8},"end":{"line":88,"column":10}},"36":{"start":{"line":91,"column":27},"end":{"line":91,"column":55}},"37":{"start":{"line":94,"column":6},"end":{"line":94,"column":51}},"38":{"start":{"line":96,"column":6},"end":{"line":96,"column":25}},"39":{"start":{"line":97,"column":6},"end":{"line":97,"column":18}},"40":{"start":{"line":102,"column":0},"end":{"line":102,"column":32}}},"fnMap":{"0":{"name":"(anonymous_0)","decl":{"start":{"line":8,"column":2},"end":{"line":8,"column":3}},"loc":{"start":{"line":8,"column":40},"end":{"line":20,"column":3}},"line":8},"1":{"name":"(anonymous_1)","decl":{"start":{"line":22,"column":2},"end":{"line":22,"column":3}},"loc":{"start":{"line":22,"column":37},"end":{"line":56,"column":3}},"line":22},"2":{"name":"(anonymous_2)","decl":{"start":{"line":58,"column":2},"end":{"line":58,"column":3}},"loc":{"start":{"line":58,"column":43},"end":{"line":99,"column":3}},"line":58}},"branchMap":{"0":{"loc":{"start":{"line":28,"column":6},"end":{"line":30,"column":7}},"type":"if","locations":[{"start":{"line":28,"column":6},"end":{"line":30,"column":7}},{"start":{},"end":{}}],"line":28},"1":{"loc":{"start":{"line":31,"column":6},"end":{"line":33,"column":7}},"type":"if","locations":[{"start":{"line":31,"column":6},"end":{"line":33,"column":7}},{"start":{},"end":{}}],"line":31},"2":{"loc":{"start":{"line":38,"column":6},"end":{"line":40,"column":7}},"type":"if","locations":[{"start":{"line":38,"column":6},"end":{"line":40,"column":7}},{"start":{},"end":{}}],"line":38},"3":{"loc":{"start":{"line":44,"column":6},"end":{"line":46,"column":7}},"type":"if","locations":[{"start":{"line":44,"column":6},"end":{"line":46,"column":7}},{"start":{},"end":{}}],"line":44},"4":{"loc":{"start":{"line":78,"column":6},"end":{"line":89,"column":7}},"type":"if","locations":[{"start":{"line":78,"column":6},"end":{"line":89,"column":7}},{"start":{},"end":{}}],"line":78}},"s":{"0":3,"1":3,"2":3,"3":3,"4":3,"5":4,"6":4,"7":4,"8":4,"9":1,"10":3,"11":3,"12":3,"13":3,"14":3,"15":1,"16":2,"17":1,"18":1,"19":1,"20":0,"21":1,"22":1,"23":0,"24":1,"25":1,"26":2,"27":2,"28":0,"29":0,"30":0,"31":0,"32":0,"33":0,"34":0,"35":0,"36":0,"37":0,"38":0,"39":0,"40":3},"f":{"0":4,"1":3,"2":0},"b":{"0":[1,2],"1":[1,1],"2":[0,1],"3":[0,1],"4":[0,0]},"_coverageSchema":"1a1c01bbd47fc00a2c39e90264f33305004495a9","hash":"92484315709bc68265cc340f706cf9c5e64ab996"}
,"/Users/kevinfamianggara/Desktop/Hacktiv8/Phase 2/iproject/ip-hck64-kevinfanggara22/server/controllers/PaymentController.js": {"path":"/Users/kevinfamianggara/Desktop/Hacktiv8/Phase 2/iproject/ip-hck64-kevinfanggara22/server/controllers/PaymentController.js","statementMap":{"0":{"start":{"line":1,"column":18},"end":{"line":1,"column":44}},"1":{"start":{"line":5,"column":4},"end":{"line":35,"column":5}},"2":{"start":{"line":6,"column":29},"end":{"line":6,"column":55}},"3":{"start":{"line":8,"column":17},"end":{"line":12,"column":8}},"4":{"start":{"line":14,"column":22},"end":{"line":25,"column":7}},"5":{"start":{"line":27,"column":6},"end":{"line":32,"column":9}},"6":{"start":{"line":29,"column":31},"end":{"line":29,"column":48}},"7":{"start":{"line":30,"column":8},"end":{"line":30,"column":59}},"8":{"start":{"line":31,"column":8},"end":{"line":31,"column":70}},"9":{"start":{"line":34,"column":6},"end":{"line":34,"column":46}},"10":{"start":{"line":39,"column":4},"end":{"line":51,"column":5}},"11":{"start":{"line":40,"column":51},"end":{"line":40,"column":59}},"12":{"start":{"line":41,"column":19},"end":{"line":47,"column":8}},"13":{"start":{"line":49,"column":6},"end":{"line":49,"column":25}},"14":{"start":{"line":50,"column":6},"end":{"line":50,"column":18}},"15":{"start":{"line":55,"column":0},"end":{"line":55,"column":35}}},"fnMap":{"0":{"name":"(anonymous_0)","decl":{"start":{"line":4,"column":2},"end":{"line":4,"column":3}},"loc":{"start":{"line":4,"column":48},"end":{"line":36,"column":3}},"line":4},"1":{"name":"(anonymous_1)","decl":{"start":{"line":27,"column":45},"end":{"line":27,"column":46}},"loc":{"start":{"line":27,"column":62},"end":{"line":32,"column":7}},"line":27},"2":{"name":"(anonymous_2)","decl":{"start":{"line":38,"column":2},"end":{"line":38,"column":3}},"loc":{"start":{"line":38,"column":43},"end":{"line":52,"column":3}},"line":38}},"branchMap":{},"s":{"0":3,"1":0,"2":0,"3":0,"4":0,"5":0,"6":0,"7":0,"8":0,"9":0,"10":0,"11":0,"12":0,"13":0,"14":0,"15":3},"f":{"0":0,"1":0,"2":0},"b":{},"_coverageSchema":"1a1c01bbd47fc00a2c39e90264f33305004495a9","hash":"6a5913cefab5c64f2d2d6a213e133d5ba97802ef"}
,"/Users/kevinfamianggara/Desktop/Hacktiv8/Phase 2/iproject/ip-hck64-kevinfanggara22/server/controllers/PublicController.js": {"path":"/Users/kevinfamianggara/Desktop/Hacktiv8/Phase 2/iproject/ip-hck64-kevinfanggara22/server/controllers/PublicController.js","statementMap":{"0":{"start":{"line":1,"column":20},"end":{"line":1,"column":46}},"1":{"start":{"line":5,"column":4},"end":{"line":11,"column":5}},"2":{"start":{"line":6,"column":19},"end":{"line":6,"column":42}},"3":{"start":{"line":7,"column":6},"end":{"line":7,"column":33}},"4":{"start":{"line":9,"column":6},"end":{"line":9,"column":25}},"5":{"start":{"line":10,"column":6},"end":{"line":10,"column":18}},"6":{"start":{"line":15,"column":4},"end":{"line":28,"column":5}},"7":{"start":{"line":16,"column":21},"end":{"line":16,"column":31}},"8":{"start":{"line":17,"column":19},"end":{"line":19,"column":8}},"9":{"start":{"line":20,"column":6},"end":{"line":24,"column":7}},"10":{"start":{"line":21,"column":8},"end":{"line":21,"column":39}},"11":{"start":{"line":23,"column":8},"end":{"line":23,"column":35}},"12":{"start":{"line":26,"column":6},"end":{"line":26,"column":25}},"13":{"start":{"line":27,"column":6},"end":{"line":27,"column":18}},"14":{"start":{"line":32,"column":0},"end":{"line":32,"column":34}}},"fnMap":{"0":{"name":"(anonymous_0)","decl":{"start":{"line":4,"column":2},"end":{"line":4,"column":3}},"loc":{"start":{"line":4,"column":43},"end":{"line":12,"column":3}},"line":4},"1":{"name":"(anonymous_1)","decl":{"start":{"line":14,"column":2},"end":{"line":14,"column":3}},"loc":{"start":{"line":14,"column":46},"end":{"line":29,"column":3}},"line":14}},"branchMap":{"0":{"loc":{"start":{"line":20,"column":6},"end":{"line":24,"column":7}},"type":"if","locations":[{"start":{"line":20,"column":6},"end":{"line":24,"column":7}},{"start":{"line":22,"column":13},"end":{"line":24,"column":7}}],"line":20}},"s":{"0":3,"1":1,"2":1,"3":1,"4":0,"5":0,"6":2,"7":2,"8":2,"9":2,"10":1,"11":1,"12":1,"13":1,"14":3},"f":{"0":1,"1":2},"b":{"0":[1,1]},"_coverageSchema":"1a1c01bbd47fc00a2c39e90264f33305004495a9","hash":"12d519ccd5089e1934aaf25f378a06d896b16f7e"}
,"/Users/kevinfamianggara/Desktop/Hacktiv8/Phase 2/iproject/ip-hck64-kevinfanggara22/server/helpers/bcrypt.js": {"path":"/Users/kevinfamianggara/Desktop/Hacktiv8/Phase 2/iproject/ip-hck64-kevinfanggara22/server/helpers/bcrypt.js","statementMap":{"0":{"start":{"line":1,"column":15},"end":{"line":1,"column":34}},"1":{"start":{"line":4,"column":4},"end":{"line":4,"column":62}},"2":{"start":{"line":8,"column":4},"end":{"line":8,"column":51}},"3":{"start":{"line":11,"column":0},"end":{"line":14,"column":1}}},"fnMap":{"0":{"name":"hashPassword","decl":{"start":{"line":3,"column":9},"end":{"line":3,"column":21}},"loc":{"start":{"line":3,"column":33},"end":{"line":5,"column":1}},"line":3},"1":{"name":"comparePassword","decl":{"start":{"line":7,"column":9},"end":{"line":7,"column":24}},"loc":{"start":{"line":7,"column":46},"end":{"line":9,"column":1}},"line":7}},"branchMap":{},"s":{"0":3,"1":6,"2":1,"3":3},"f":{"0":6,"1":1},"b":{},"_coverageSchema":"1a1c01bbd47fc00a2c39e90264f33305004495a9","hash":"f9a10da6a5e18f1c5bcde31f21c60090ab791903"}
,"/Users/kevinfamianggara/Desktop/Hacktiv8/Phase 2/iproject/ip-hck64-kevinfanggara22/server/helpers/jwt.js": {"path":"/Users/kevinfamianggara/Desktop/Hacktiv8/Phase 2/iproject/ip-hck64-kevinfanggara22/server/helpers/jwt.js","statementMap":{"0":{"start":{"line":1,"column":12},"end":{"line":1,"column":35}},"1":{"start":{"line":2,"column":15},"end":{"line":2,"column":37}},"2":{"start":{"line":5,"column":4},"end":{"line":5,"column":36}},"3":{"start":{"line":9,"column":4},"end":{"line":9,"column":37}},"4":{"start":{"line":12,"column":0},"end":{"line":15,"column":1}}},"fnMap":{"0":{"name":"createToken","decl":{"start":{"line":4,"column":9},"end":{"line":4,"column":20}},"loc":{"start":{"line":4,"column":30},"end":{"line":6,"column":1}},"line":4},"1":{"name":"decodeToken","decl":{"start":{"line":8,"column":9},"end":{"line":8,"column":20}},"loc":{"start":{"line":8,"column":28},"end":{"line":10,"column":1}},"line":8}},"branchMap":{},"s":{"0":3,"1":3,"2":6,"3":18,"4":3},"f":{"0":6,"1":18},"b":{},"_coverageSchema":"1a1c01bbd47fc00a2c39e90264f33305004495a9","hash":"897c0d432df92abfff646c87464dbe428f7bb02c"}
,"/Users/kevinfamianggara/Desktop/Hacktiv8/Phase 2/iproject/ip-hck64-kevinfanggara22/server/helpers/multer.js": {"path":"/Users/kevinfamianggara/Desktop/Hacktiv8/Phase 2/iproject/ip-hck64-kevinfanggara22/server/helpers/multer.js","statementMap":{"0":{"start":{"line":1,"column":19},"end":{"line":1,"column":43}},"1":{"start":{"line":5,"column":4},"end":{"line":8,"column":39}},"2":{"start":{"line":9,"column":19},"end":{"line":11,"column":4}},"3":{"start":{"line":12,"column":2},"end":{"line":12,"column":21}},"4":{"start":{"line":15,"column":0},"end":{"line":15,"column":29}}},"fnMap":{"0":{"name":"uploadImage","decl":{"start":{"line":3,"column":15},"end":{"line":3,"column":26}},"loc":{"start":{"line":3,"column":38},"end":{"line":13,"column":1}},"line":3}},"branchMap":{},"s":{"0":3,"1":3,"2":0,"3":0,"4":3},"f":{"0":3},"b":{},"_coverageSchema":"1a1c01bbd47fc00a2c39e90264f33305004495a9","hash":"33510d4b125ff7d77c8a461fe54c975fcfc6aa34"}
,"/Users/kevinfamianggara/Desktop/Hacktiv8/Phase 2/iproject/ip-hck64-kevinfanggara22/server/middlewares/authentication.js": {"path":"/Users/kevinfamianggara/Desktop/Hacktiv8/Phase 2/iproject/ip-hck64-kevinfanggara22/server/middlewares/authentication.js","statementMap":{"0":{"start":{"line":1,"column":24},"end":{"line":1,"column":49}},"1":{"start":{"line":2,"column":17},"end":{"line":2,"column":37}},"2":{"start":{"line":4,"column":23},"end":{"line":34,"column":1}},"3":{"start":{"line":5,"column":4},"end":{"line":33,"column":5}},"4":{"start":{"line":7,"column":34},"end":{"line":7,"column":45}},"5":{"start":{"line":9,"column":8},"end":{"line":9,"column":58}},"6":{"start":{"line":9,"column":27},"end":{"line":9,"column":58}},"7":{"start":{"line":11,"column":25},"end":{"line":11,"column":49}},"8":{"start":{"line":12,"column":8},"end":{"line":14,"column":9}},"9":{"start":{"line":13,"column":12},"end":{"line":13,"column":70}},"10":{"start":{"line":16,"column":8},"end":{"line":18,"column":9}},"11":{"start":{"line":17,"column":12},"end":{"line":17,"column":72}},"12":{"start":{"line":19,"column":22},"end":{"line":19,"column":33}},"13":{"start":{"line":20,"column":24},"end":{"line":20,"column":42}},"14":{"start":{"line":22,"column":21},"end":{"line":22,"column":52}},"15":{"start":{"line":23,"column":8},"end":{"line":25,"column":9}},"16":{"start":{"line":24,"column":12},"end":{"line":24,"column":68}},"17":{"start":{"line":27,"column":8},"end":{"line":27,"column":23}},"18":{"start":{"line":29,"column":8},"end":{"line":29,"column":14}},"19":{"start":{"line":31,"column":8},"end":{"line":31,"column":26}},"20":{"start":{"line":32,"column":8},"end":{"line":32,"column":19}},"21":{"start":{"line":36,"column":0},"end":{"line":36,"column":31}}},"fnMap":{"0":{"name":"(anonymous_0)","decl":{"start":{"line":4,"column":23},"end":{"line":4,"column":24}},"loc":{"start":{"line":4,"column":49},"end":{"line":34,"column":1}},"line":4}},"branchMap":{"0":{"loc":{"start":{"line":9,"column":8},"end":{"line":9,"column":58}},"type":"if","locations":[{"start":{"line":9,"column":8},"end":{"line":9,"column":58}},{"start":{},"end":{}}],"line":9},"1":{"loc":{"start":{"line":12,"column":8},"end":{"line":14,"column":9}},"type":"if","locations":[{"start":{"line":12,"column":8},"end":{"line":14,"column":9}},{"start":{},"end":{}}],"line":12},"2":{"loc":{"start":{"line":16,"column":8},"end":{"line":18,"column":9}},"type":"if","locations":[{"start":{"line":16,"column":8},"end":{"line":18,"column":9}},{"start":{},"end":{}}],"line":16},"3":{"loc":{"start":{"line":23,"column":8},"end":{"line":25,"column":9}},"type":"if","locations":[{"start":{"line":23,"column":8},"end":{"line":25,"column":9}},{"start":{},"end":{}}],"line":23}},"s":{"0":3,"1":3,"2":3,"3":23,"4":23,"5":23,"6":5,"7":18,"8":18,"9":0,"10":18,"11":0,"12":18,"13":18,"14":13,"15":13,"16":0,"17":13,"18":13,"19":10,"20":10,"21":3},"f":{"0":23},"b":{"0":[5,18],"1":[0,18],"2":[0,18],"3":[0,13]},"_coverageSchema":"1a1c01bbd47fc00a2c39e90264f33305004495a9","hash":"1e94ad8270e5c58280c8087726e57e74cfe59d25"}
,"/Users/kevinfamianggara/Desktop/Hacktiv8/Phase 2/iproject/ip-hck64-kevinfanggara22/server/middlewares/authorization.js": {"path":"/Users/kevinfamianggara/Desktop/Hacktiv8/Phase 2/iproject/ip-hck64-kevinfanggara22/server/middlewares/authorization.js","statementMap":{"0":{"start":{"line":1,"column":17},"end":{"line":1,"column":37}},"1":{"start":{"line":3,"column":27},"end":{"line":21,"column":1}},"2":{"start":{"line":4,"column":2},"end":{"line":20,"column":3}},"3":{"start":{"line":5,"column":4},"end":{"line":5,"column":34}},"4":{"start":{"line":6,"column":4},"end":{"line":6,"column":28}},"5":{"start":{"line":7,"column":19},"end":{"line":7,"column":29}},"6":{"start":{"line":8,"column":4},"end":{"line":17,"column":5}},"7":{"start":{"line":9,"column":6},"end":{"line":9,"column":13}},"8":{"start":{"line":11,"column":27},"end":{"line":11,"column":81}},"9":{"start":{"line":12,"column":6},"end":{"line":16,"column":7}},"10":{"start":{"line":13,"column":8},"end":{"line":13,"column":39}},"11":{"start":{"line":15,"column":8},"end":{"line":15,"column":36}},"12":{"start":{"line":19,"column":4},"end":{"line":19,"column":16}},"13":{"start":{"line":23,"column":0},"end":{"line":25,"column":2}}},"fnMap":{"0":{"name":"(anonymous_0)","decl":{"start":{"line":3,"column":27},"end":{"line":3,"column":28}},"loc":{"start":{"line":3,"column":53},"end":{"line":21,"column":1}},"line":3}},"branchMap":{"0":{"loc":{"start":{"line":8,"column":4},"end":{"line":17,"column":5}},"type":"if","locations":[{"start":{"line":8,"column":4},"end":{"line":17,"column":5}},{"start":{"line":10,"column":11},"end":{"line":17,"column":5}}],"line":8},"1":{"loc":{"start":{"line":12,"column":6},"end":{"line":16,"column":7}},"type":"if","locations":[{"start":{"line":12,"column":6},"end":{"line":16,"column":7}},{"start":{"line":14,"column":13},"end":{"line":16,"column":7}}],"line":12}},"s":{"0":3,"1":3,"2":12,"3":12,"4":12,"5":12,"6":12,"7":10,"8":2,"9":2,"10":0,"11":2,"12":2,"13":3},"f":{"0":12},"b":{"0":[10,2],"1":[0,2]},"_coverageSchema":"1a1c01bbd47fc00a2c39e90264f33305004495a9","hash":"b8017c18d574805bdc914a1967980318d947d313"}
,"/Users/kevinfamianggara/Desktop/Hacktiv8/Phase 2/iproject/ip-hck64-kevinfanggara22/server/middlewares/errorHandler.js": {"path":"/Users/kevinfamianggara/Desktop/Hacktiv8/Phase 2/iproject/ip-hck64-kevinfanggara22/server/middlewares/errorHandler.js","statementMap":{"0":{"start":{"line":1,"column":21},"end":{"line":38,"column":1}},"1":{"start":{"line":2,"column":4},"end":{"line":2,"column":20}},"2":{"start":{"line":3,"column":4},"end":{"line":37,"column":5}},"3":{"start":{"line":5,"column":12},"end":{"line":5,"column":63}},"4":{"start":{"line":6,"column":12},"end":{"line":6,"column":18}},"5":{"start":{"line":9,"column":12},"end":{"line":9,"column":66}},"6":{"start":{"line":10,"column":12},"end":{"line":10,"column":18}},"7":{"start":{"line":12,"column":12},"end":{"line":12,"column":65}},"8":{"start":{"line":13,"column":12},"end":{"line":13,"column":18}},"9":{"start":{"line":15,"column":12},"end":{"line":15,"column":68}},"10":{"start":{"line":16,"column":12},"end":{"line":16,"column":18}},"11":{"start":{"line":18,"column":12},"end":{"line":18,"column":67}},"12":{"start":{"line":19,"column":12},"end":{"line":19,"column":18}},"13":{"start":{"line":22,"column":12},"end":{"line":22,"column":60}},"14":{"start":{"line":23,"column":12},"end":{"line":23,"column":18}},"15":{"start":{"line":25,"column":12},"end":{"line":25,"column":62}},"16":{"start":{"line":26,"column":12},"end":{"line":26,"column":18}},"17":{"start":{"line":28,"column":12},"end":{"line":28,"column":66}},"18":{"start":{"line":29,"column":12},"end":{"line":29,"column":18}},"19":{"start":{"line":31,"column":12},"end":{"line":31,"column":62}},"20":{"start":{"line":32,"column":12},"end":{"line":32,"column":18}},"21":{"start":{"line":34,"column":12},"end":{"line":34,"column":64}},"22":{"start":{"line":36,"column":12},"end":{"line":36,"column":68}},"23":{"start":{"line":40,"column":0},"end":{"line":40,"column":29}}},"fnMap":{"0":{"name":"(anonymous_0)","decl":{"start":{"line":1,"column":21},"end":{"line":1,"column":22}},"loc":{"start":{"line":1,"column":46},"end":{"line":38,"column":1}},"line":1}},"branchMap":{"0":{"loc":{"start":{"line":3,"column":4},"end":{"line":37,"column":5}},"type":"switch","locations":[{"start":{"line":4,"column":8},"end":{"line":6,"column":18}},{"start":{"line":7,"column":8},"end":{"line":7,"column":40}},{"start":{"line":8,"column":8},"end":{"line":10,"column":18}},{"start":{"line":11,"column":8},"end":{"line":13,"column":18}},{"start":{"line":14,"column":8},"end":{"line":16,"column":18}},{"start":{"line":17,"column":8},"end":{"line":19,"column":18}},{"start":{"line":20,"column":8},"end":{"line":20,"column":28}},{"start":{"line":21,"column":8},"end":{"line":23,"column":18}},{"start":{"line":24,"column":8},"end":{"line":26,"column":18}},{"start":{"line":27,"column":8},"end":{"line":29,"column":18}},{"start":{"line":30,"column":8},"end":{"line":32,"column":18}},{"start":{"line":33,"column":8},"end":{"line":34,"column":64}},{"start":{"line":35,"column":8},"end":{"line":36,"column":68}}],"line":3}},"s":{"0":3,"1":23,"2":23,"3":2,"4":2,"5":3,"6":3,"7":1,"8":1,"9":1,"10":1,"11":0,"12":0,"13":5,"14":5,"15":5,"16":5,"17":0,"18":0,"19":3,"20":3,"21":0,"22":3,"23":3},"f":{"0":23},"b":{"0":[2,3,3,1,1,0,0,5,5,0,3,0,3]},"_coverageSchema":"1a1c01bbd47fc00a2c39e90264f33305004495a9","hash":"7555a86e762827c99df4ee5c9052d6ed0cb58ed9"}
,"/Users/kevinfamianggara/Desktop/Hacktiv8/Phase 2/iproject/ip-hck64-kevinfanggara22/server/models/index.js": {"path":"/Users/kevinfamianggara/Desktop/Hacktiv8/Phase 2/iproject/ip-hck64-kevinfanggara22/server/models/index.js","statementMap":{"0":{"start":{"line":3,"column":11},"end":{"line":3,"column":24}},"1":{"start":{"line":4,"column":13},"end":{"line":4,"column":28}},"2":{"start":{"line":5,"column":18},"end":{"line":5,"column":38}},"3":{"start":{"line":6,"column":16},"end":{"line":6,"column":34}},"4":{"start":{"line":7,"column":17},"end":{"line":7,"column":42}},"5":{"start":{"line":8,"column":12},"end":{"line":8,"column":49}},"6":{"start":{"line":9,"column":15},"end":{"line":9,"column":65}},"7":{"start":{"line":10,"column":11},"end":{"line":10,"column":13}},"8":{"start":{"line":13,"column":0},"end":{"line":17,"column":1}},"9":{"start":{"line":14,"column":2},"end":{"line":14,"column":74}},"10":{"start":{"line":16,"column":2},"end":{"line":16,"column":87}},"11":{"start":{"line":19,"column":0},"end":{"line":32,"column":5}},"12":{"start":{"line":22,"column":4},"end":{"line":27,"column":6}},"13":{"start":{"line":30,"column":18},"end":{"line":30,"column":85}},"14":{"start":{"line":31,"column":4},"end":{"line":31,"column":27}},"15":{"start":{"line":34,"column":0},"end":{"line":38,"column":3}},"16":{"start":{"line":35,"column":2},"end":{"line":37,"column":3}},"17":{"start":{"line":36,"column":4},"end":{"line":36,"column":32}},"18":{"start":{"line":40,"column":0},"end":{"line":40,"column":25}},"19":{"start":{"line":41,"column":0},"end":{"line":41,"column":25}},"20":{"start":{"line":43,"column":0},"end":{"line":43,"column":20}}},"fnMap":{"0":{"name":"(anonymous_0)","decl":{"start":{"line":21,"column":10},"end":{"line":21,"column":11}},"loc":{"start":{"line":21,"column":18},"end":{"line":28,"column":3}},"line":21},"1":{"name":"(anonymous_1)","decl":{"start":{"line":29,"column":11},"end":{"line":29,"column":12}},"loc":{"start":{"line":29,"column":19},"end":{"line":32,"column":3}},"line":29},"2":{"name":"(anonymous_2)","decl":{"start":{"line":34,"column":24},"end":{"line":34,"column":25}},"loc":{"start":{"line":34,"column":37},"end":{"line":38,"column":1}},"line":34}},"branchMap":{"0":{"loc":{"start":{"line":8,"column":12},"end":{"line":8,"column":49}},"type":"binary-expr","locations":[{"start":{"line":8,"column":12},"end":{"line":8,"column":32}},{"start":{"line":8,"column":36},"end":{"line":8,"column":49}}],"line":8},"1":{"loc":{"start":{"line":13,"column":0},"end":{"line":17,"column":1}},"type":"if","locations":[{"start":{"line":13,"column":0},"end":{"line":17,"column":1}},{"start":{"line":15,"column":7},"end":{"line":17,"column":1}}],"line":13},"2":{"loc":{"start":{"line":23,"column":6},"end":{"line":26,"column":37}},"type":"binary-expr","locations":[{"start":{"line":23,"column":6},"end":{"line":23,"column":29}},{"start":{"line":24,"column":6},"end":{"line":24,"column":23}},{"start":{"line":25,"column":6},"end":{"line":25,"column":30}},{"start":{"line":26,"column":6},"end":{"line":26,"column":37}}],"line":23},"3":{"loc":{"start":{"line":35,"column":2},"end":{"line":37,"column":3}},"type":"if","locations":[{"start":{"line":35,"column":2},"end":{"line":37,"column":3}},{"start":{},"end":{}}],"line":35}},"s":{"0":3,"1":3,"2":3,"3":3,"4":3,"5":3,"6":3,"7":3,"8":3,"9":0,"10":3,"11":3,"12":12,"13":9,"14":9,"15":3,"16":9,"17":9,"18":3,"19":3,"20":3},"f":{"0":12,"1":9,"2":9},"b":{"0":[3,0],"1":[0,3],"2":[12,12,9,9],"3":[9,0]},"_coverageSchema":"1a1c01bbd47fc00a2c39e90264f33305004495a9","hash":"f433a298cd1dc48c39279c3babf8aa58c9f9543a"}
,"/Users/kevinfamianggara/Desktop/Hacktiv8/Phase 2/iproject/ip-hck64-kevinfanggara22/server/models/order.js": {"path":"/Users/kevinfamianggara/Desktop/Hacktiv8/Phase 2/iproject/ip-hck64-kevinfanggara22/server/models/order.js","statementMap":{"0":{"start":{"line":4,"column":4},"end":{"line":4,"column":24}},"1":{"start":{"line":5,"column":0},"end":{"line":29,"column":2}},"2":{"start":{"line":14,"column":6},"end":{"line":14,"column":34}},"3":{"start":{"line":15,"column":6},"end":{"line":15,"column":37}},"4":{"start":{"line":18,"column":2},"end":{"line":27,"column":5}},"5":{"start":{"line":28,"column":2},"end":{"line":28,"column":15}}},"fnMap":{"0":{"name":"(anonymous_0)","decl":{"start":{"line":5,"column":17},"end":{"line":5,"column":18}},"loc":{"start":{"line":5,"column":43},"end":{"line":29,"column":1}},"line":5},"1":{"name":"(anonymous_1)","decl":{"start":{"line":12,"column":4},"end":{"line":12,"column":5}},"loc":{"start":{"line":12,"column":29},"end":{"line":16,"column":5}},"line":12}},"branchMap":{},"s":{"0":3,"1":3,"2":3,"3":3,"4":3,"5":3},"f":{"0":3,"1":3},"b":{},"_coverageSchema":"1a1c01bbd47fc00a2c39e90264f33305004495a9","hash":"153f923fc075ea669aa398c347bc8f044554f8aa"}
,"/Users/kevinfamianggara/Desktop/Hacktiv8/Phase 2/iproject/ip-hck64-kevinfanggara22/server/models/product.js": {"path":"/Users/kevinfamianggara/Desktop/Hacktiv8/Phase 2/iproject/ip-hck64-kevinfanggara22/server/models/product.js","statementMap":{"0":{"start":{"line":4,"column":4},"end":{"line":4,"column":24}},"1":{"start":{"line":5,"column":0},"end":{"line":28,"column":2}},"2":{"start":{"line":14,"column":6},"end":{"line":14,"column":35}},"3":{"start":{"line":17,"column":2},"end":{"line":26,"column":5}},"4":{"start":{"line":27,"column":2},"end":{"line":27,"column":17}}},"fnMap":{"0":{"name":"(anonymous_0)","decl":{"start":{"line":5,"column":17},"end":{"line":5,"column":18}},"loc":{"start":{"line":5,"column":43},"end":{"line":28,"column":1}},"line":5},"1":{"name":"(anonymous_1)","decl":{"start":{"line":12,"column":4},"end":{"line":12,"column":5}},"loc":{"start":{"line":12,"column":29},"end":{"line":15,"column":5}},"line":12}},"branchMap":{},"s":{"0":3,"1":3,"2":3,"3":3,"4":3},"f":{"0":3,"1":3},"b":{},"_coverageSchema":"1a1c01bbd47fc00a2c39e90264f33305004495a9","hash":"97835b6c7f8c5962501c5de59ff98f86fcffde80"}
,"/Users/kevinfamianggara/Desktop/Hacktiv8/Phase 2/iproject/ip-hck64-kevinfanggara22/server/models/user.js": {"path":"/Users/kevinfamianggara/Desktop/Hacktiv8/Phase 2/iproject/ip-hck64-kevinfanggara22/server/models/user.js","statementMap":{"0":{"start":{"line":2,"column":25},"end":{"line":2,"column":53}},"1":{"start":{"line":3,"column":15},"end":{"line":3,"column":34}},"2":{"start":{"line":5,"column":18},"end":{"line":5,"column":38}},"3":{"start":{"line":6,"column":0},"end":{"line":72,"column":2}},"4":{"start":{"line":15,"column":6},"end":{"line":15,"column":33}},"5":{"start":{"line":18,"column":2},"end":{"line":70,"column":4}},"6":{"start":{"line":64,"column":10},"end":{"line":64,"column":62}},"7":{"start":{"line":71,"column":2},"end":{"line":71,"column":14}}},"fnMap":{"0":{"name":"(anonymous_0)","decl":{"start":{"line":6,"column":17},"end":{"line":6,"column":18}},"loc":{"start":{"line":6,"column":43},"end":{"line":72,"column":1}},"line":6},"1":{"name":"(anonymous_1)","decl":{"start":{"line":13,"column":4},"end":{"line":13,"column":5}},"loc":{"start":{"line":13,"column":29},"end":{"line":16,"column":5}},"line":13},"2":{"name":"(anonymous_2)","decl":{"start":{"line":63,"column":8},"end":{"line":63,"column":9}},"loc":{"start":{"line":63,"column":40},"end":{"line":65,"column":9}},"line":63}},"branchMap":{},"s":{"0":3,"1":3,"2":3,"3":3,"4":3,"5":3,"6":6,"7":3},"f":{"0":3,"1":3,"2":6},"b":{},"_coverageSchema":"1a1c01bbd47fc00a2c39e90264f33305004495a9","hash":"7e9d8292f140826ed29c3253e0e4615e21e0ab2a"}
}
