TN:
SF:app.js
FNF:0
FNH:0
DA:1,3
DA:2,3
DA:5,3
DA:6,3
DA:7,3
DA:8,3
DA:9,3
DA:10,3
DA:11,3
DA:12,3
DA:13,3
DA:14,3
DA:15,3
DA:16,3
DA:18,3
DA:20,3
DA:23,3
DA:24,3
DA:27,3
DA:30,3
DA:33,3
DA:36,3
DA:39,3
DA:42,3
DA:45,3
DA:48,3
DA:51,3
DA:54,3
DA:62,3
DA:70,3
DA:77,3
DA:79,3
LF:32
LH:32
BRDA:1,0,0,3
BRDA:1,0,1,0
BRF:2
BRH:1
end_of_record
TN:
SF:controllers/AdminController.js
FN:12,(anonymous_0)
FN:22,(anonymous_1)
FN:43,(anonymous_2)
FN:62,(anonymous_3)
FNF:4
FNH:4
FNDA:1,(anonymous_0)
FNDA:2,(anonymous_1)
FNDA:3,(anonymous_2)
FNDA:4,(anonymous_3)
DA:1,3
DA:2,3
DA:3,3
DA:5,3
DA:13,1
DA:14,1
DA:15,1
DA:17,0
DA:18,0
DA:23,2
DA:24,2
DA:25,2
DA:28,2
DA:29,1
DA:31,1
DA:35,1
DA:38,1
DA:39,1
DA:44,3
DA:45,3
DA:46,3
DA:47,0
DA:54,0
DA:55,0
DA:57,3
DA:58,3
DA:63,4
DA:64,4
DA:65,4
DA:66,4
DA:67,4
DA:68,1
DA:71,3
DA:72,3
DA:85,0
DA:86,0
DA:100,3
DA:103,1
DA:104,1
DA:109,3
LF:40
LH:33
BRDA:28,0,0,1
BRDA:28,0,1,1
BRDA:67,1,0,1
BRDA:67,1,1,3
BRDA:71,2,0,3
BRDA:71,2,1,0
BRF:6
BRH:5
end_of_record
TN:
SF:controllers/AuthController.js
FN:8,(anonymous_0)
FN:22,(anonymous_1)
FN:58,(anonymous_2)
FNF:3
FNH:2
FNDA:4,(anonymous_0)
FNDA:3,(anonymous_1)
FNDA:0,(anonymous_2)
DA:1,3
DA:2,3
DA:3,3
DA:4,3
DA:5,3
DA:9,4
DA:10,4
DA:11,4
DA:12,4
DA:13,1
DA:17,3
DA:18,3
DA:23,3
DA:24,3
DA:28,3
DA:29,1
DA:31,2
DA:32,1
DA:36,1
DA:38,1
DA:39,0
DA:43,1
DA:44,1
DA:45,0
DA:49,1
DA:51,1
DA:53,2
DA:54,2
DA:59,0
DA:60,0
DA:62,0
DA:64,0
DA:69,0
DA:72,0
DA:78,0
DA:80,0
DA:91,0
DA:94,0
DA:96,0
DA:97,0
DA:102,3
LF:41
LH:27
BRDA:28,0,0,1
BRDA:28,0,1,2
BRDA:31,1,0,1
BRDA:31,1,1,1
BRDA:38,2,0,0
BRDA:38,2,1,1
BRDA:44,3,0,0
BRDA:44,3,1,1
BRDA:78,4,0,0
BRDA:78,4,1,0
BRF:10
BRH:6
end_of_record
TN:
SF:controllers/PaymentController.js
FN:4,(anonymous_0)
FN:27,(anonymous_1)
FN:38,(anonymous_2)
FNF:3
FNH:0
FNDA:0,(anonymous_0)
FNDA:0,(anonymous_1)
FNDA:0,(anonymous_2)
DA:1,3
DA:5,0
DA:6,0
DA:8,0
DA:14,0
DA:27,0
DA:29,0
DA:30,0
DA:31,0
DA:34,0
DA:39,0
DA:40,0
DA:41,0
DA:49,0
DA:50,0
DA:55,3
LF:16
LH:2
BRF:0
BRH:0
end_of_record
TN:
SF:controllers/PublicController.js
FN:4,(anonymous_0)
FN:14,(anonymous_1)
FNF:2
FNH:2
FNDA:1,(anonymous_0)
FNDA:2,(anonymous_1)
DA:1,3
DA:5,1
DA:6,1
DA:7,1
DA:9,0
DA:10,0
DA:15,2
DA:16,2
DA:17,2
DA:20,2
DA:21,1
DA:23,1
DA:26,1
DA:27,1
DA:32,3
LF:15
LH:13
BRDA:20,0,0,1
BRDA:20,0,1,1
BRF:2
BRH:2
end_of_record
TN:
SF:helpers/bcrypt.js
FN:3,hashPassword
FN:7,comparePassword
FNF:2
FNH:2
FNDA:6,hashPassword
FNDA:1,comparePassword
DA:1,3
DA:4,6
DA:8,1
DA:11,3
LF:4
LH:4
BRF:0
BRH:0
end_of_record
TN:
SF:helpers/jwt.js
FN:4,createToken
FN:8,decodeToken
FNF:2
FNH:2
FNDA:6,createToken
FNDA:18,decodeToken
DA:1,3
DA:2,3
DA:5,6
DA:9,18
DA:12,3
LF:5
LH:5
BRF:0
BRH:0
end_of_record
TN:
SF:helpers/multer.js
FN:3,uploadImage
FNF:1
FNH:1
FNDA:3,uploadImage
DA:1,3
DA:5,3
DA:9,0
DA:12,0
DA:15,3
LF:5
LH:3
BRF:0
BRH:0
end_of_record
TN:
SF:middlewares/authentication.js
FN:4,(anonymous_0)
FNF:1
FNH:1
FNDA:23,(anonymous_0)
DA:1,3
DA:2,3
DA:4,3
DA:5,23
DA:7,23
DA:9,23
DA:11,18
DA:12,18
DA:13,0
DA:16,18
DA:17,0
DA:19,18
DA:20,18
DA:22,13
DA:23,13
DA:24,0
DA:27,13
DA:29,13
DA:31,10
DA:32,10
DA:36,3
LF:21
LH:18
BRDA:9,0,0,5
BRDA:9,0,1,18
BRDA:12,1,0,0
BRDA:12,1,1,18
BRDA:16,2,0,0
BRDA:16,2,1,18
BRDA:23,3,0,0
BRDA:23,3,1,13
BRF:8
BRH:5
end_of_record
TN:
SF:middlewares/authorization.js
FN:3,(anonymous_0)
FNF:1
FNH:1
FNDA:12,(anonymous_0)
DA:1,3
DA:3,3
DA:4,12
DA:5,12
DA:6,12
DA:7,12
DA:8,12
DA:9,10
DA:11,2
DA:12,2
DA:13,0
DA:15,2
DA:19,2
DA:23,3
LF:14
LH:13
BRDA:8,0,0,10
BRDA:8,0,1,2
BRDA:12,1,0,0
BRDA:12,1,1,2
BRF:4
BRH:3
end_of_record
TN:
SF:middlewares/errorHandler.js
FN:1,(anonymous_0)
FNF:1
FNH:1
FNDA:23,(anonymous_0)
DA:1,3
DA:2,23
DA:3,23
DA:5,2
DA:6,2
DA:9,3
DA:10,3
DA:12,1
DA:13,1
DA:15,1
DA:16,1
DA:18,0
DA:19,0
DA:22,5
DA:23,5
DA:25,5
DA:26,5
DA:28,0
DA:29,0
DA:31,3
DA:32,3
DA:34,0
DA:36,3
DA:40,3
LF:24
LH:19
BRDA:3,0,0,2
BRDA:3,0,1,3
BRDA:3,0,2,3
BRDA:3,0,3,1
BRDA:3,0,4,1
BRDA:3,0,5,0
BRDA:3,0,6,0
BRDA:3,0,7,5
BRDA:3,0,8,5
BRDA:3,0,9,0
BRDA:3,0,10,3
BRDA:3,0,11,0
BRDA:3,0,12,3
BRF:13
BRH:9
end_of_record
TN:
SF:models/index.js
FN:21,(anonymous_0)
FN:29,(anonymous_1)
FN:34,(anonymous_2)
FNF:3
FNH:3
FNDA:12,(anonymous_0)
FNDA:9,(anonymous_1)
FNDA:9,(anonymous_2)
DA:3,3
DA:4,3
DA:5,3
DA:6,3
DA:7,3
DA:8,3
DA:9,3
DA:10,3
DA:13,3
DA:14,0
DA:16,3
DA:19,3
DA:22,12
DA:30,9
DA:31,9
DA:34,3
DA:35,9
DA:36,9
DA:40,3
DA:41,3
DA:43,3
LF:21
LH:20
BRDA:8,0,0,3
BRDA:8,0,1,0
BRDA:13,1,0,0
BRDA:13,1,1,3
BRDA:23,2,0,12
BRDA:23,2,1,12
BRDA:23,2,2,9
BRDA:23,2,3,9
BRDA:35,3,0,9
BRDA:35,3,1,0
BRF:10
BRH:7
end_of_record
TN:
SF:models/order.js
FN:5,(anonymous_0)
FN:12,(anonymous_1)
FNF:2
FNH:2
FNDA:3,(anonymous_0)
FNDA:3,(anonymous_1)
DA:4,3
DA:5,3
DA:14,3
DA:15,3
DA:18,3
DA:28,3
LF:6
LH:6
BRF:0
BRH:0
end_of_record
TN:
SF:models/product.js
FN:5,(anonymous_0)
FN:12,(anonymous_1)
FNF:2
FNH:2
FNDA:3,(anonymous_0)
FNDA:3,(anonymous_1)
DA:4,3
DA:5,3
DA:14,3
DA:17,3
DA:27,3
LF:5
LH:5
BRF:0
BRH:0
end_of_record
TN:
SF:models/user.js
FN:6,(anonymous_0)
FN:13,(anonymous_1)
FN:63,(anonymous_2)
FNF:3
FNH:3
FNDA:3,(anonymous_0)
FNDA:3,(anonymous_1)
FNDA:6,(anonymous_2)
DA:2,3
DA:3,3
DA:5,3
DA:6,3
DA:15,3
DA:18,3
DA:64,6
DA:71,3
LF:8
LH:8
BRF:0
BRH:0
end_of_record
